0 info it worked if it ends with ok
1 verbose cli [ 'C:\\Program Files\\nodejs\\\\node.exe',
1 verbose cli   'C:\\Program Files\\nodejs\\node_modules\\npm\\bin\\npm-cli.js',
1 verbose cli   'install',
1 verbose cli   'angular-google-maps' ]
2 info using npm@1.4.9
3 info using node@v0.10.28
4 verbose node symlink C:\Program Files\nodejs\\node.exe
5 verbose readDependencies using package.json deps
6 verbose cache add [ 'angular-google-maps', null ]
7 verbose cache add name=undefined spec="angular-google-maps" args=["angular-google-maps",null]
8 verbose parsed url { protocol: null,
8 verbose parsed url   slashes: null,
8 verbose parsed url   auth: null,
8 verbose parsed url   host: null,
8 verbose parsed url   port: null,
8 verbose parsed url   hostname: null,
8 verbose parsed url   hash: null,
8 verbose parsed url   search: null,
8 verbose parsed url   query: null,
8 verbose parsed url   pathname: 'angular-google-maps',
8 verbose parsed url   path: 'angular-google-maps',
8 verbose parsed url   href: 'angular-google-maps' }
9 silly lockFile 804bc49b-angular-google-maps angular-google-maps
10 verbose lock angular-google-maps C:\Users\Kuba\AppData\Roaming\npm-cache\804bc49b-angular-google-maps.lock
11 silly lockFile 804bc49b-angular-google-maps angular-google-maps
12 silly lockFile 804bc49b-angular-google-maps angular-google-maps
13 verbose addNamed [ 'angular-google-maps', '' ]
14 verbose addNamed [ null, '*' ]
15 silly lockFile 66bf3552-angular-google-maps angular-google-maps@
16 verbose lock angular-google-maps@ C:\Users\Kuba\AppData\Roaming\npm-cache\66bf3552-angular-google-maps.lock
17 silly addNameRange { name: 'angular-google-maps', range: '*', hasData: false }
18 verbose url raw angular-google-maps
19 verbose url resolving [ 'https://registry.npmjs.org/', './angular-google-maps' ]
20 verbose url resolved https://registry.npmjs.org/angular-google-maps
21 info trying registry request attempt 1 at 08:59:17
22 http GET https://registry.npmjs.org/angular-google-maps
23 http 404 https://registry.npmjs.org/angular-google-maps
24 verbose headers { date: 'Tue, 06 May 2014 06:59:18 GMT',
24 verbose headers   server: 'CouchDB/1.5.0 (Erlang OTP/R14B04)',
24 verbose headers   'content-type': 'application/json',
24 verbose headers   via: '1.1 varnish',
24 verbose headers   'cache-control': 'max-age=0',
24 verbose headers   'content-length': '52',
24 verbose headers   'accept-ranges': 'bytes',
24 verbose headers   age: '0',
24 verbose headers   'x-served-by': 'cache-v36-ASH, cache-fra1222-FRA',
24 verbose headers   'x-cache': 'MISS, MISS',
24 verbose headers   'x-cache-hits': '0, 0',
24 verbose headers   'x-timer': 'S1399359558.636505842,VS0,VS45,VE130,VE174',
24 verbose headers   'keep-alive': 'timeout=10, max=50',
24 verbose headers   connection: 'Keep-Alive' }
25 silly registry.get cb [ 404,
25 silly registry.get   { date: 'Tue, 06 May 2014 06:59:18 GMT',
25 silly registry.get     server: 'CouchDB/1.5.0 (Erlang OTP/R14B04)',
25 silly registry.get     'content-type': 'application/json',
25 silly registry.get     via: '1.1 varnish',
25 silly registry.get     'cache-control': 'max-age=0',
25 silly registry.get     'content-length': '52',
25 silly registry.get     'accept-ranges': 'bytes',
25 silly registry.get     age: '0',
25 silly registry.get     'x-served-by': 'cache-v36-ASH, cache-fra1222-FRA',
25 silly registry.get     'x-cache': 'MISS, MISS',
25 silly registry.get     'x-cache-hits': '0, 0',
25 silly registry.get     'x-timer': 'S1399359558.636505842,VS0,VS45,VE130,VE174',
25 silly registry.get     'keep-alive': 'timeout=10, max=50',
25 silly registry.get     connection: 'Keep-Alive' } ]
26 silly lockFile 66bf3552-angular-google-maps angular-google-maps@
27 silly lockFile 66bf3552-angular-google-maps angular-google-maps@
28 error 404 404 Not Found: angular-google-maps
28 error 404
28 error 404 'angular-google-maps' is not in the npm registry.
28 error 404 You should bug the author to publish it
28 error 404 It was specified as a dependency of 'angular-seed'
28 error 404
28 error 404 Note that you can also install from a
28 error 404 tarball, folder, or http url, or git url.
29 error System Windows_NT 6.1.7601
30 error command "C:\\Program Files\\nodejs\\\\node.exe" "C:\\Program Files\\nodejs\\node_modules\\npm\\bin\\npm-cli.js" "install" "angular-google-maps"
31 error cwd C:\Users\Kuba\Documents\GitHub\open-data\inspections-viewer\app
32 error node -v v0.10.28
33 error npm -v 1.4.9
34 error code E404
35 verbose exit [ 1, true ]
